16:10:08 === PDFAI launch ===
16:10:08 EXE_DIR=C:\Users\Abylay\Desktop\PDFAI-src\dist
16:10:08 BUNDLE_DIR=C:\Users\Abylay\AppData\Local\Temp\_MEI51162
16:10:08 [App] DB: C:\Users\Abylay\Desktop\PDFAI-src\dist\journal.db
16:10:08 start_server port=8081
16:10:09 main.app imported
[App] Старт на порту 8081...
16:10:09 [App] server ready
16:10:09 importing webview
16:10:09 webview ok
[App] Server ready
[Process] Желаемый доход: 1 ₸
[Process] Коэффициент: 0.3914
[Process] Целевой оборот: 3 ₸/мес
[Cert] № 1227139305 от 25 июня 2026
[Cert] Рахатұлы Абылай (ИИН 050623501641) счёт KZ11722C000067461519
[Cert] Период 25.05.26 - 25.06.26
[Cert] Баланс: ₸ 1,898.08  $ 3.90  € 3.44
[Process] Клиент: Рахатұлы Абылай
[Parser] Баланс начало (25.05.26): 701.10 ₸
[Parser] Баланс конец  (25.06.26): 1,898.08 ₸
[Parser] Итого пополнений: 581,724.00 ₸
[Parser] Расходы (raw dict): {'Переводы': 117700.0, 'Покупки': 415273.02, 'Снятия': 2000.0}
[Parser] Итого расходов (raw): 534,973.02 ₸
[Parser] Итого расходов (по балансу): 580,527.02 ₸

[Parser] Найдено транзакций: 138 (пополнений: 28, расходов: 110)
[Parser] Σ пополнений (парсер): 589,164.00 ₸ (из PDF: 581,724.00 ₸, Δ=+7,440.00)
[Parser] Σ расходов (парсер):    753,714.02 ₸ (из PDF: 580,527.02 ₸, Δ=+173,187.00)
[Process] Режим: ЗАНИЖЕНИЕ (downscale)
[Parser] Баланс начало (25.05.26): 701.10 ₸
[Parser] Баланс конец  (25.06.26): 1,898.08 ₸

[Parser] Найдено транзакций: 138 (пополнений: 28, расходов: 110)
[Parser] Σ пополнений (парсер): 589,164.00 ₸ (из PDF: 0.00 ₸, Δ=+589,164.00)
[Parser] Σ расходов (парсер):    753,714.02 ₸ (из PDF: 0.00 ₸, Δ=+753,714.02)
Traceback (most recent call last):
  File "main.py", line 190, in process_endpoint
    new_pdf_bytes = process_downscale(content, target_monthly_income)
  File "pdf_service_downscale.py", line 414, in process_downscale
    raise IncomeTooLowError(
    ...<13 lines>...
    )
pdf_service_downscale.IncomeTooLowError: Слишком низкий целевой доход. При расходах 753,714 ₸ и стартовом балансе 701 ₸ за 2 мес минимально возможный ср. доход = 426,506 ₸/мес (желаемый ≥ 166,935 ₸/мес).
[Process] Желаемый доход: 166,935 ₸
[Process] Коэффициент: 0.3914
[Process] Целевой оборот: 426,507 ₸/мес
[Cert] № 1227139305 от 25 июня 2026
[Cert] Рахатұлы Абылай (ИИН 050623501641) счёт KZ11722C000067461519
[Cert] Период 25.05.26 - 25.06.26
[Cert] Баланс: ₸ 1,898.08  $ 3.90  € 3.44
[Process] Клиент: Рахатұлы Абылай
[Parser] Баланс начало (25.05.26): 701.10 ₸
[Parser] Баланс конец  (25.06.26): 1,898.08 ₸
[Parser] Итого пополнений: 581,724.00 ₸
[Parser] Расходы (raw dict): {'Переводы': 117700.0, 'Покупки': 415273.02, 'Снятия': 2000.0}
[Parser] Итого расходов (raw): 534,973.02 ₸
[Parser] Итого расходов (по балансу): 580,527.02 ₸

[Parser] Найдено транзакций: 138 (пополнений: 28, расходов: 110)
[Parser] Σ пополнений (парсер): 589,164.00 ₸ (из PDF: 581,724.00 ₸, Δ=+7,440.00)
[Parser] Σ расходов (парсер):    753,714.02 ₸ (из PDF: 580,527.02 ₸, Δ=+173,187.00)
[Process] Режим: ЗАВЫШЕНИЕ (upscale)
[CMap] Построена карта символов: 195 записей (основной шрифт xref=41, +65 из доп. шрифтов)
[Raw] Формат PDF: cert
[Cert] № 1227139305 от 25 июня 2026
[Cert] Рахатұлы Абылай (ИИН 050623501641) счёт KZ11722C000067461519
[Cert] Период 25.05.26 - 25.06.26
[Cert] Баланс: ₸ 1,898.08  $ 3.90  € 3.44
[Parser] Баланс начало (25.05.26): 701.10 ₸
[Parser] Баланс конец  (25.06.26): 1,898.08 ₸
[Parser] Итого пополнений: 581,724.00 ₸
[Parser] Расходы (raw dict): {'Переводы': 117700.0, 'Покупки': 415273.02, 'Снятия': 2000.0}
[Parser] Итого расходов (raw): 534,973.02 ₸
[Parser] Итого расходов (по балансу): 580,527.02 ₸

[Parser] Найдено транзакций: 138 (пополнений: 28, расходов: 110)
[Parser] Σ пополнений (парсер): 589,164.00 ₸ (из PDF: 581,724.00 ₸, Δ=+7,440.00)
[Parser] Σ расходов (парсер):    753,714.02 ₸ (из PDF: 580,527.02 ₸, Δ=+173,187.00)

════════════════════════════════════════════════════════════
  ДВИЖОК ПЕРЕСЧЁТА (помесячное выравнивание)
════════════════════════════════════════════════════════════
  Текущий ср. зарплатный/мес:     290,862.00 ₸
  Целевой доход/мес:              426,507.41 ₸
  Глобальный K:                       1.4664
  Месяцев в выписке:          2
  Зарплатных транзакций:      27
  Возвратов (не масштабируем): 1 (Σ=7,440.00 ₸)
════════════════════════════════════════════════════════════

  Помесячные коэффициенты:
    2026-05: доход      10,399.00 → K = 41.0143
    2026-06: доход     571,325.00 → K = 0.7465

  ER оригинальный:  0.998
  ER проекция:      0.681
  K_exp (расходы):  1.0000 (расходы НЕ масштабируются)

  Масштабирование транзакций:

  ℹ️ Running balance минус (-283.90 ₸) — структурная особенность PDF. Оригинал тоже дефицитен (-163,848.92 ₸). Не корректируем.

  ──────────────────────────────────────────────────
  Новый доход по месяцам:
    2026-05:     430,600.00 ₸ ( +1.0%)
    2026-06:     430,950.00 ₸ ( +1.0%)

  Σ нового дохода:                861,550.00 ₸
  Σ новых расходов:               580,527.02 ₸
  Новый баланс конец:             281,724.08 ₸
  Новый средний доход/мес:        430,775.00 ₸
  Целевой:                        426,507.41 ₸
  ──────────────────────────────────────────────────

  ┌─ Согласование справки ─────────────────────────
  │ Курс USD:   486.6872  Курс EUR:   551.7674
  │ Было: ₸ 1,898.08  $ 3.90  € 3.44
  │ Стало: ₸ 281,724.08  $ 578.86  € 510.58
  └────────────────────────────────────────────────

═══ ОТЧЁТ СКОРИНГА ═══
  Целостность баланса:     ✅
  Running balance:         ✅
  Итоги = Σ транзакций:    ✅
  Стабильность дохода ISI: 1.00 ✅
  Коэфф. расходов ER:      0.67 ✅
  Мин. баланс:             -283.90 ₸ ⚠️
  Средний баланс:          272,613.24 ₸
  ИТОГ:                    ❌ НЕ ПРОЙДЁТ

[YFilter] Salary на 5 страницах, допустимых Y (per-page, offset=9±4): 243
[Raw] Подготовлено 30 замен (18 уникальных ключей)
[Cert] Реальная ширина символа: 4.32 pt (от '1 898,08')
  [🎯 BALANCE_END] + 1 898,08 ₸ → + 281 724,08 ₸
  [🎯 TOTAL_INCOME] + 581 724,00 ₸ → + 861 550,00 ₸  
  [🎯 BALANCE_END] + 1 898,08 ₸ → + 281 724,08 ₸  
  [🎯 TRANSACTION_IN] + 15 000,00 ₸ → + 11 200,00 ₸   
  [🎯 TRANSACTION_IN] + 5 000,00 ₸ → + 3 700,00 ₸   
  [🎯 TRANSACTION_IN] + 10 000,00 ₸ → + 7 300,00 ₸   
  [🎯 TRANSACTION_IN] + 10 000,00 ₸ → + 7 300,00 ₸   
  [🎯 TRANSACTION_IN] + 15 000,00 ₸ → + 11 400,00 ₸   
  [🎯 TRANSACTION_IN] + 2 000,00 ₸ → + 1 500,00 ₸   
  [🎯 TRANSACTION_IN] + 600,00 ₸ → + 450,00 ₸   
  [🎯 TRANSACTION_IN] + 1 000,00 ₸ → + 750,00 ₸   
  [🎯 TRANSACTION_IN] + 360 000,00 ₸ → + 274 500,00 ₸   
  [🎯 TRANSACTION_IN] + 1 725,00 ₸ → + 1 250,00 ₸   
  [🎯 TRANSACTION_IN] + 65 000,00 ₸ → + 48 300,00 ₸   
  [🎯 TRANSACTION_IN] + 15 000,00 ₸ → + 10 900,00 ₸   
  [🎯 TRANSACTION_IN] + 500,00 ₸ → + 350,00 ₸   
  [🎯 TRANSACTION_IN] + 15 000,00 ₸ → + 11 000,00 ₸   
  [🎯 TRANSACTION_IN] + 17 000,00 ₸ → + 12 500,00 ₸   
  [🎯 TRANSACTION_IN] + 2 000,00 ₸ → + 1 500,00 ₸   
  [🎯 TRANSACTION_IN] + 2 500,00 ₸ → + 1 850,00 ₸   
  [🎯 TRANSACTION_IN] + 5 000,00 ₸ → + 3 800,00 ₸   
  [🎯 TRANSACTION_IN] + 10 000,00 ₸ → + 7 450,00 ₸   
  [🎯 TRANSACTION_IN] + 2 000,00 ₸ → + 1 450,00 ₸   
  [🎯 TRANSACTION_IN] + 1 000,00 ₸ → + 750,00 ₸   
  [🎯 TRANSACTION_IN] + 15 000,00 ₸ → + 11 000,00 ₸   
  [🎯 TRANSACTION_IN] + 1 000,00 ₸ → + 750,00 ₸   
  [🎯 TRANSACTION_IN] + 430,00 ₸ → + 18 100,00 ₸   
  [🎯 TRANSACTION_IN] + 2 500,00 ₸ → + 100 500,00 ₸   
  [🎯 TRANSACTION_IN] + 1 350,00 ₸ → + 55 500,00 ₸   
  [🎯 TRANSACTION_IN] + 6 119,00 ₸ → + 256 500,00 ₸   

[Raw] Произведено замен: 30
[Raw] Суммарный сдвиг: 117 байт
[XREF] start_id=0, count=61, found at offset=125959
[XREF] startxref: 125959 → 125959
[XREF] Обновлено 49 offsets из 61
[pywebview] SAVE_DIALOG is deprecated and will be removed in a future version. Use 'FileDialog.SAVE' instead.
[pywebview] SAVE_DIALOG is deprecated and will be removed in a future version. Use 'FileDialog.SAVE' instead.
[pywebview] SAVE_DIALOG is deprecated and will be removed in a future version. Use 'FileDialog.SAVE' instead.
16:10:46 saved PDF -> C:\Users\Abylay\Downloads\scored_DOC-20260625-WA0007.pdf

[App] Остановка...
